2025-10-12 12:53:56,808 INFO root: File logging enabled: logs/ryuuko.log
2025-10-12 12:53:56,814 INFO root: Log rotation: daily, keeping 30 days
2025-10-12 12:53:56,815 INFO root: Compressed archives will be created in: logs
2025-10-12 12:53:56,815 INFO __main__: Starting application...
2025-10-12 12:53:56,815 INFO __main__: Initializing storage...
2025-10-12 12:53:56,815 INFO Config.Loader: Initializing MongoDB connection to database: polydevsdb
2025-10-12 12:53:56,832 INFO Storage.Database: Initialized genai model for token counting.
2025-10-12 12:53:56,839 INFO Storage.Database: Successfully connected to MongoDB: polydevsdb
2025-10-12 12:53:56,874 INFO Config.Loader: MongoDB store initialized successfully.
2025-10-12 12:53:56,874 INFO __main__: Storage initialized successfully.
2025-10-12 12:53:56,874 WARNING discord.client: PyNaCl is not installed, voice will NOT be supported
2025-10-12 12:53:56,874 INFO Bot.Main: [INIT] Initializing bot modules...
2025-10-12 12:53:56,874 INFO Storage.Memory: MemoryStore initialized with MongoDB backend.
2025-10-12 12:53:56,874 INFO Config.UserConfig: UserConfigManager initialized successfully with MongoDB.
2025-10-12 12:53:56,874 ERROR Bot.Services.Auth: [ERROR] Failed to load authorized users from MongoDB: 'MongoDBStore' object has no attribute 'get_authorized_users'
Traceback (most recent call last):
  File "/Users/zvwgvx/PycharmProjects/ryuuko/packages/bot/src/services/auth.py", line 25, in load_authorized_users
    users_set = mongodb_store.get_authorized_users()
                ^^^^^^^^^^^^^^^^^^^^^^^^^^^^^^^^^^
AttributeError: 'MongoDBStore' object has no attribute 'get_authorized_users'
2025-10-12 12:53:56,875 INFO Bot.Commands: [INIT] Registering all command groups...
2025-10-12 12:53:56,875 INFO Bot.Commands.Basic: Basic commands have been successfully registered.
2025-10-12 12:53:56,875 INFO Bot.Commands.User: User commands have been successfully registered.
2025-10-12 12:53:56,875 INFO Bot.Commands.Admin: Admin commands have been successfully registered.
2025-10-12 12:53:56,875 INFO Bot.Commands.System: System commands have been successfully registered.
2025-10-12 12:53:56,875 INFO Bot.Commands: [OK] All command groups have been registered.
2025-10-12 12:53:56,875 INFO Bot.Events.Messages: [OK] Message event listeners have been registered
2025-10-12 12:53:56,875 INFO Bot.Main: [OK] All bot modules initialized successfully.
2025-10-12 12:53:56,875 INFO Bot.Main: [HEALTH] Running pre-startup health checks...
2025-10-12 12:53:56,875 INFO HealthCheck: Starting health checks...
2025-10-12 12:53:57,273 INFO Bot.Main: [OK] All health checks passed!
2025-10-12 12:53:57,273 INFO Bot.Main: [START] Starting Discord bot...
2025-10-12 12:54:00,796 INFO Bot.Main: [OK] Bot is ready: Ryuuko Preview#2812 (id=1425479067095797924)
2025-10-12 12:54:00,797 INFO Bot.Main: Registered prefix commands: ['addcredit', 'addmodel', 'auth', 'auths', 'clearmemory', 'deauth', 'deductcredit', 'editmodel', 'help', 'memory', 'model', 'models', 'ping', 'profile', 'removemodel', 'setcredit', 'setlevel', 'showprompt', 'sysprompt']
2025-10-12 12:54:18,156 INFO Storage.Database: Cleared memory for user 1320303839701897230
2025-10-12 12:54:24,574 INFO Request Queue: Adding request to queue for user 1320303839701897230: ê em thấy ảnh sau không
2025-10-12 12:54:24,574 INFO Request Queue: Request queue worker started
2025-10-12 12:54:33,790 INFO httpx: HTTP Request: POST https://generativelanguage.googleapis.com/v1beta/openai/chat/completions "HTTP/1.1 200 OK"
2025-10-12 12:54:34,398 INFO Bot.Events.Messages: Token usage: Prompt=264, Completion=19, Total=283
2025-10-12 12:54:35,068 INFO Storage.Database: Successfully added message for user 1320303839701897230. Total messages: 1
2025-10-12 12:54:35,364 INFO Storage.Database: Successfully added message for user 1320303839701897230. Total messages: 2
2025-10-12 12:55:11,203 INFO Request Queue: Adding request to queue for user 1320303839701897230: uk, từ lúc o4, gpt5 bùng nổ, đề cf càng ngày ra tricky, ... nchung là giờ càng ngày càng khó, vlxx t
2025-10-12 12:55:20,011 INFO httpx: HTTP Request: POST https://generativelanguage.googleapis.com/v1beta/openai/chat/completions "HTTP/1.1 200 OK"
2025-10-12 12:55:20,264 INFO Bot.Events.Messages: Token usage: Prompt=35, Completion=15, Total=50
2025-10-12 12:55:21,201 INFO Storage.Database: Successfully added message for user 1320303839701897230. Total messages: 3
2025-10-12 12:55:21,662 INFO Storage.Database: Successfully added message for user 1320303839701897230. Total messages: 4
2025-10-12 12:55:46,993 INFO Request Queue: Adding request to queue for user 1320303839701897230: thực sự là vậy mà, đề khó lắm, giải thử không, anh đưa e 1 bài
2025-10-12 12:55:54,043 INFO httpx: HTTP Request: POST https://generativelanguage.googleapis.com/v1beta/openai/chat/completions "HTTP/1.1 200 OK"
2025-10-12 12:55:54,278 INFO Bot.Events.Messages: Token usage: Prompt=21, Completion=15, Total=36
2025-10-12 12:55:55,387 INFO Storage.Database: Successfully added message for user 1320303839701897230. Total messages: 5
2025-10-12 12:55:56,146 INFO Storage.Database: Successfully added message for user 1320303839701897230. Total messages: 6
2025-10-12 12:56:06,439 INFO Request Queue: Adding request to queue for user 1320303839701897230: để cho e thấy nó khó như nào
2025-10-12 12:56:09,178 INFO httpx: HTTP Request: POST https://generativelanguage.googleapis.com/v1beta/openai/chat/completions "HTTP/1.1 200 OK"
2025-10-12 12:56:09,446 INFO Bot.Events.Messages: Token usage: Prompt=9, Completion=17, Total=26
2025-10-12 12:56:10,818 INFO Storage.Database: Successfully added message for user 1320303839701897230. Total messages: 7
2025-10-12 12:56:11,701 INFO Storage.Database: Successfully added message for user 1320303839701897230. Total messages: 8
2025-10-12 12:56:32,121 INFO Request Queue: Adding request to queue for user 1320303839701897230: :(, anh tụt hạng mà e chả an ủi anh thì thôi, đằng này lại, :((
2025-10-12 12:56:38,383 INFO httpx: HTTP Request: POST https://generativelanguage.googleapis.com/v1beta/openai/chat/completions "HTTP/1.1 200 OK"
2025-10-12 12:56:38,628 INFO Bot.Events.Messages: Token usage: Prompt=24, Completion=19, Total=43
2025-10-12 12:56:40,262 INFO Storage.Database: Successfully added message for user 1320303839701897230. Total messages: 9
2025-10-12 12:56:41,390 INFO Storage.Database: Successfully added message for user 1320303839701897230. Total messages: 10
2025-10-12 12:56:55,637 INFO Request Queue: Adding request to queue for user 1320303839701897230: vậy thôi từ giờ anh off discord tập trung học nhé,
2025-10-12 12:56:56,701 INFO httpx: HTTP Request: POST https://generativelanguage.googleapis.com/v1beta/openai/chat/completions "HTTP/1.1 200 OK"
2025-10-12 12:56:57,620 INFO Bot.Events.Messages: Token usage: Prompt=13, Completion=18, Total=31
2025-10-12 12:56:59,173 INFO Storage.Database: Successfully added message for user 1320303839701897230. Total messages: 11
2025-10-12 12:57:00,469 INFO Storage.Database: Successfully added message for user 1320303839701897230. Total messages: 12
2025-10-12 12:57:03,275 INFO Request Queue: Adding request to queue for user 1320303839701897230: tại sao
2025-10-12 12:57:11,250 INFO httpx: HTTP Request: POST https://generativelanguage.googleapis.com/v1beta/openai/chat/completions "HTTP/1.1 200 OK"
2025-10-12 12:57:11,476 INFO Bot.Events.Messages: Token usage: Prompt=3, Completion=12, Total=15
2025-10-12 12:57:13,052 INFO Storage.Database: Successfully added message for user 1320303839701897230. Total messages: 13
2025-10-12 12:57:14,440 INFO Storage.Database: Successfully added message for user 1320303839701897230. Total messages: 14
2025-10-12 12:57:25,122 INFO Request Queue: Adding request to queue for user 1320303839701897230: vậy em an ủi anh đi
2025-10-12 12:57:34,168 INFO httpx: HTTP Request: POST https://generativelanguage.googleapis.com/v1beta/openai/chat/completions "HTTP/1.1 200 OK"
2025-10-12 12:57:34,346 INFO Bot.Events.Messages: Token usage: Prompt=8, Completion=13, Total=21
2025-10-12 12:57:36,464 INFO Storage.Database: Successfully added message for user 1320303839701897230. Total messages: 15
2025-10-12 12:57:37,978 INFO Storage.Database: Successfully added message for user 1320303839701897230. Total messages: 16
2025-10-12 12:57:50,875 INFO Request Queue: Adding request to queue for user 1320303839701897230: ngol vậy được đấy, nhớ miệng đấy nhá
2025-10-12 12:57:51,837 INFO httpx: HTTP Request: POST https://generativelanguage.googleapis.com/v1beta/openai/chat/completions "HTTP/1.1 200 OK"
2025-10-12 12:57:52,461 INFO Bot.Events.Messages: Token usage: Prompt=10, Completion=17, Total=27
2025-10-12 12:57:54,708 INFO Storage.Database: Successfully added message for user 1320303839701897230. Total messages: 17
2025-10-12 12:57:56,380 INFO Storage.Database: Successfully added message for user 1320303839701897230. Total messages: 18
2025-10-12 12:58:17,498 INFO Request Queue: Adding request to queue for user 1320303839701897230: okok vậy nhé, tối anh qua :))
2025-10-12 12:58:18,549 INFO httpx: HTTP Request: POST https://generativelanguage.googleapis.com/v1beta/openai/chat/completions "HTTP/1.1 200 OK"
2025-10-12 12:58:18,967 INFO Bot.Events.Messages: Token usage: Prompt=9, Completion=12, Total=21
2025-10-12 12:58:21,229 INFO Storage.Database: Successfully added message for user 1320303839701897230. Total messages: 19
2025-10-12 12:58:23,046 INFO Storage.Database: Successfully added message for user 1320303839701897230. Total messages: 20
2025-10-12 12:58:37,887 INFO Request Queue: Adding request to queue for user 1320303839701897230: rồi rồi biết gòi, chỉ ôm dc chx
2025-10-12 12:58:44,519 INFO httpx: HTTP Request: POST https://generativelanguage.googleapis.com/v1beta/openai/chat/completions "HTTP/1.1 200 OK"
2025-10-12 12:58:44,771 INFO Bot.Events.Messages: Token usage: Prompt=12, Completion=11, Total=23
2025-10-12 12:58:47,293 INFO Storage.Database: Successfully added message for user 1320303839701897230. Total messages: 21
2025-10-12 12:58:49,442 INFO Storage.Database: Successfully added message for user 1320303839701897230. Total messages: 22
2025-10-12 12:59:09,637 INFO Request Queue: Adding request to queue for user 1320303839701897230: rồi vậy nhé, bye, anh đi làm đây
2025-10-12 12:59:10,632 INFO httpx: HTTP Request: POST https://generativelanguage.googleapis.com/v1beta/openai/chat/completions "HTTP/1.1 200 OK"
2025-10-12 12:59:11,238 INFO Bot.Events.Messages: Token usage: Prompt=11, Completion=16, Total=27
2025-10-12 12:59:14,179 INFO Storage.Database: Successfully added message for user 1320303839701897230. Total messages: 23
2025-10-12 12:59:16,455 INFO Storage.Database: Successfully added message for user 1320303839701897230. Total messages: 24
2025-10-12 12:59:28,166 INFO Request Queue: Adding request to queue for user 1320303839701897230: ok, bye
2025-10-12 12:59:34,587 INFO httpx: HTTP Request: POST https://generativelanguage.googleapis.com/v1beta/openai/chat/completions "HTTP/1.1 200 OK"
2025-10-12 12:59:34,752 INFO Bot.Events.Messages: Token usage: Prompt=3, Completion=3, Total=6
2025-10-12 12:59:38,476 INFO Storage.Database: Successfully added message for user 1320303839701897230. Total messages: 25
2025-10-12 12:59:40,923 INFO Storage.Database: Successfully added message for user 1320303839701897230. Total messages: 26
2025-10-12 15:18:41,155 INFO Storage.Database: Cleared memory for user 1320303839701897230
2025-10-12 15:19:03,132 INFO Request Queue: Adding request to queue for user 1320303839701897230: thấy ảnh trên không em
2025-10-12 15:19:05,556 INFO Bot.Events.Messages: Resized image vibrant-fold-phone-7680x4320-14467.jpg to fit within 2048px
2025-10-12 15:19:13,102 INFO httpx: HTTP Request: POST https://generativelanguage.googleapis.com/v1beta/openai/chat/completions "HTTP/1.1 200 OK"
2025-10-12 15:19:13,812 INFO Bot.Events.Messages: Token usage: Prompt=264, Completion=6, Total=270
2025-10-12 15:19:14,670 INFO Storage.Database: Successfully added message for user 1320303839701897230. Total messages: 1
2025-10-12 15:19:15,149 INFO Storage.Database: Successfully added message for user 1320303839701897230. Total messages: 2
2025-10-12 15:19:44,607 INFO Request Queue: Adding request to queue for user 1320303839701897230: thấy đẹp hăm em
2025-10-12 15:19:50,124 INFO httpx: HTTP Request: POST https://generativelanguage.googleapis.com/v1beta/openai/chat/completions "HTTP/1.1 200 OK"
2025-10-12 15:19:50,275 INFO Bot.Events.Messages: Token usage: Prompt=6, Completion=3, Total=9
2025-10-12 15:19:51,426 INFO Storage.Database: Successfully added message for user 1320303839701897230. Total messages: 3
2025-10-12 15:19:51,960 INFO Storage.Database: Successfully added message for user 1320303839701897230. Total messages: 4
2025-10-12 15:19:56,737 INFO Request Queue: Adding request to queue for user 1320303839701897230: anh vẽ đấy
2025-10-12 15:20:05,205 INFO httpx: HTTP Request: POST https://generativelanguage.googleapis.com/v1beta/openai/chat/completions "HTTP/1.1 200 OK"
2025-10-12 15:20:05,380 INFO Bot.Events.Messages: Token usage: Prompt=3, Completion=10, Total=13
2025-10-12 15:20:06,587 INFO Storage.Database: Successfully added message for user 1320303839701897230. Total messages: 5
2025-10-12 15:20:07,271 INFO Storage.Database: Successfully added message for user 1320303839701897230. Total messages: 6
2025-10-12 15:20:14,642 INFO Request Queue: Adding request to queue for user 1320303839701897230: xời đẹp không
2025-10-12 15:20:16,024 INFO httpx: HTTP Request: POST https://generativelanguage.googleapis.com/v1beta/openai/chat/completions "HTTP/1.1 200 OK"
2025-10-12 15:20:16,801 INFO Bot.Events.Messages: Token usage: Prompt=4, Completion=16, Total=20
2025-10-12 15:20:18,092 INFO Storage.Database: Successfully added message for user 1320303839701897230. Total messages: 7
2025-10-12 15:20:18,898 INFO Storage.Database: Successfully added message for user 1320303839701897230. Total messages: 8
2025-10-12 15:20:31,451 INFO Request Queue: Adding request to queue for user 1320303839701897230: e muốn a vẽ tặng e 1 bức k
2025-10-12 15:20:37,261 INFO httpx: HTTP Request: POST https://generativelanguage.googleapis.com/v1beta/openai/chat/completions "HTTP/1.1 200 OK"
2025-10-12 15:20:37,407 INFO Bot.Events.Messages: Token usage: Prompt=10, Completion=8, Total=18
2025-10-12 15:20:38,815 INFO Storage.Database: Successfully added message for user 1320303839701897230. Total messages: 9
2025-10-12 15:20:39,761 INFO Storage.Database: Successfully added message for user 1320303839701897230. Total messages: 10
2025-10-12 15:21:02,618 INFO Request Queue: Adding request to queue for user 1320303839701897230: mà em nhìn bức tranh kia, em liên tưởng tới gì không, em thấy gì trong bức ảnh đó
2025-10-12 15:21:10,203 INFO httpx: HTTP Request: POST https://generativelanguage.googleapis.com/v1beta/openai/chat/completions "HTTP/1.1 200 OK"
2025-10-12 15:21:10,361 INFO Bot.Events.Messages: Token usage: Prompt=21, Completion=13, Total=34
2025-10-12 15:21:12,145 INFO Storage.Database: Successfully added message for user 1320303839701897230. Total messages: 11
2025-10-12 15:21:13,252 INFO Storage.Database: Successfully added message for user 1320303839701897230. Total messages: 12
2025-10-12 15:21:22,568 INFO Request Queue: Adding request to queue for user 1320303839701897230: nghệ không
2025-10-12 15:21:24,076 INFO httpx: HTTP Request: POST https://generativelanguage.googleapis.com/v1beta/openai/chat/completions "HTTP/1.1 200 OK"
2025-10-12 15:21:25,060 INFO Bot.Events.Messages: Token usage: Prompt=4, Completion=59, Total=63
2025-10-12 15:21:26,687 INFO Storage.Database: Successfully added message for user 1320303839701897230. Total messages: 13
2025-10-12 15:21:27,787 INFO Storage.Database: Successfully added message for user 1320303839701897230. Total messages: 14
2025-10-12 15:21:38,067 INFO Request Queue: Adding request to queue for user 1320303839701897230: ủa giờ mấy giờ r
2025-10-12 15:21:39,512 INFO httpx: HTTP Request: POST https://generativelanguage.googleapis.com/v1beta/openai/chat/completions "HTTP/1.1 200 OK"
2025-10-12 15:21:40,400 INFO Bot.Events.Messages: Token usage: Prompt=5, Completion=25, Total=30
2025-10-12 15:21:41,867 INFO Storage.Database: Successfully added message for user 1320303839701897230. Total messages: 15
2025-10-12 15:21:43,043 INFO Storage.Database: Successfully added message for user 1320303839701897230. Total messages: 16
2025-10-12 15:27:13,530 INFO Storage.Database: Cleared memory for user 1320303839701897230
2025-10-12 15:27:16,604 INFO Request Queue: Adding request to queue for user 1320303839701897230: mấy giờ r
2025-10-12 15:27:23,890 INFO httpx: HTTP Request: POST https://generativelanguage.googleapis.com/v1beta/openai/chat/completions "HTTP/1.1 200 OK"
2025-10-12 15:27:24,271 INFO Bot.Events.Messages: Token usage: Prompt=4, Completion=9, Total=13
2025-10-12 15:27:24,768 INFO Storage.Database: Successfully added message for user 1320303839701897230. Total messages: 1
2025-10-12 15:27:24,942 INFO Storage.Database: Successfully added message for user 1320303839701897230. Total messages: 2
2025-10-12 16:37:12,673 ERROR discord.client: Attempting a reconnect in 0.47s
Traceback (most recent call last):
  File "/Users/zvwgvx/PycharmProjects/ryuuko/.venv/lib/python3.11/site-packages/aiohttp/connector.py", line 1532, in _create_direct_connection
    hosts = await self._resolve_host(host, port, traces=traces)
            ^^^^^^^^^^^^^^^^^^^^^^^^^^^^^^^^^^^^^^^^^^^^^^^^^^^
  File "/Users/zvwgvx/PycharmProjects/ryuuko/.venv/lib/python3.11/site-packages/aiohttp/connector.py", line 1148, in _resolve_host
    return await asyncio.shield(resolved_host_task)
           ^^^^^^^^^^^^^^^^^^^^^^^^^^^^^^^^^^^^^^^^
  File "/Users/zvwgvx/PycharmProjects/ryuuko/.venv/lib/python3.11/site-packages/aiohttp/connector.py", line 1179, in _resolve_host_with_throttle
    addrs = await self._resolver.resolve(host, port, family=self._family)
            ^^^^^^^^^^^^^^^^^^^^^^^^^^^^^^^^^^^^^^^^^^^^^^^^^^^^^^^^^^^^^
  File "/Users/zvwgvx/PycharmProjects/ryuuko/.venv/lib/python3.11/site-packages/aiohttp/resolver.py", line 40, in resolve
    infos = await self._loop.getaddrinfo(
            ^^^^^^^^^^^^^^^^^^^^^^^^^^^^^
  File "/opt/homebrew/Cellar/python@3.11/3.11.13_1/Frameworks/Python.framework/Versions/3.11/lib/python3.11/asyncio/base_events.py", line 868, in getaddrinfo
    return await self.run_in_executor(
           ^^^^^^^^^^^^^^^^^^^^^^^^^^^
  File "/opt/homebrew/Cellar/python@3.11/3.11.13_1/Frameworks/Python.framework/Versions/3.11/lib/python3.11/concurrent/futures/thread.py", line 58, in run
    result = self.fn(*self.args, **self.kwargs)
             ^^^^^^^^^^^^^^^^^^^^^^^^^^^^^^^^^^
  File "/opt/homebrew/Cellar/python@3.11/3.11.13_1/Frameworks/Python.framework/Versions/3.11/lib/python3.11/socket.py", line 974, in getaddrinfo
    for res in _socket.getaddrinfo(host, port, family, type, proto, flags):
               ^^^^^^^^^^^^^^^^^^^^^^^^^^^^^^^^^^^^^^^^^^^^^^^^^^^^^^^^^^^
socket.gaierror: [Errno 8] nodename nor servname provided, or not known

The above exception was the direct cause of the following exception:

Traceback (most recent call last):
  File "/Users/zvwgvx/PycharmProjects/ryuuko/.venv/lib/python3.11/site-packages/discord/client.py", line 724, in connect
    self.ws = await asyncio.wait_for(coro, timeout=60.0)
              ^^^^^^^^^^^^^^^^^^^^^^^^^^^^^^^^^^^^^^^^^^
  File "/opt/homebrew/Cellar/python@3.11/3.11.13_1/Frameworks/Python.framework/Versions/3.11/lib/python3.11/asyncio/tasks.py", line 489, in wait_for
    return fut.result()
           ^^^^^^^^^^^^
  File "/Users/zvwgvx/PycharmProjects/ryuuko/.venv/lib/python3.11/site-packages/discord/gateway.py", line 383, in from_client
    socket = await client.http.ws_connect(str(url))
             ^^^^^^^^^^^^^^^^^^^^^^^^^^^^^^^^^^^^^^
  File "/Users/zvwgvx/PycharmProjects/ryuuko/.venv/lib/python3.11/site-packages/discord/http.py", line 566, in ws_connect
    return await self.__session.ws_connect(url, **kwargs)
           ^^^^^^^^^^^^^^^^^^^^^^^^^^^^^^^^^^^^^^^^^^^^^^
  File "/Users/zvwgvx/PycharmProjects/ryuuko/.venv/lib/python3.11/site-packages/aiohttp/client.py", line 1067, in _ws_connect
    resp = await self.request(
           ^^^^^^^^^^^^^^^^^^^
  File "/Users/zvwgvx/PycharmProjects/ryuuko/.venv/lib/python3.11/site-packages/aiohttp/client.py", line 770, in _request
    resp = await handler(req)
           ^^^^^^^^^^^^^^^^^^
  File "/Users/zvwgvx/PycharmProjects/ryuuko/.venv/lib/python3.11/site-packages/aiohttp/client.py", line 725, in _connect_and_send_request
    conn = await self._connector.connect(
           ^^^^^^^^^^^^^^^^^^^^^^^^^^^^^^
  File "/Users/zvwgvx/PycharmProjects/ryuuko/.venv/lib/python3.11/site-packages/aiohttp/connector.py", line 642, in connect
    proto = await self._create_connection(req, traces, timeout)
            ^^^^^^^^^^^^^^^^^^^^^^^^^^^^^^^^^^^^^^^^^^^^^^^^^^^
  File "/Users/zvwgvx/PycharmProjects/ryuuko/.venv/lib/python3.11/site-packages/aiohttp/connector.py", line 1209, in _create_connection
    _, proto = await self._create_direct_connection(req, traces, timeout)
               ^^^^^^^^^^^^^^^^^^^^^^^^^^^^^^^^^^^^^^^^^^^^^^^^^^^^^^^^^^
  File "/Users/zvwgvx/PycharmProjects/ryuuko/.venv/lib/python3.11/site-packages/aiohttp/connector.py", line 1538, in _create_direct_connection
    raise ClientConnectorDNSError(req.connection_key, exc) from exc
aiohttp.client_exceptions.ClientConnectorDNSError: Cannot connect to host gateway-us-east1-d.discord.gg:443 ssl:default [nodename nor servname provided, or not known]
2025-10-12 16:37:13,179 ERROR discord.client: Attempting a reconnect in 2.75s
Traceback (most recent call last):
  File "/Users/zvwgvx/PycharmProjects/ryuuko/.venv/lib/python3.11/site-packages/aiohttp/connector.py", line 1532, in _create_direct_connection
    hosts = await self._resolve_host(host, port, traces=traces)
            ^^^^^^^^^^^^^^^^^^^^^^^^^^^^^^^^^^^^^^^^^^^^^^^^^^^
  File "/Users/zvwgvx/PycharmProjects/ryuuko/.venv/lib/python3.11/site-packages/aiohttp/connector.py", line 1148, in _resolve_host
    return await asyncio.shield(resolved_host_task)
           ^^^^^^^^^^^^^^^^^^^^^^^^^^^^^^^^^^^^^^^^
  File "/Users/zvwgvx/PycharmProjects/ryuuko/.venv/lib/python3.11/site-packages/aiohttp/connector.py", line 1179, in _resolve_host_with_throttle
    addrs = await self._resolver.resolve(host, port, family=self._family)
            ^^^^^^^^^^^^^^^^^^^^^^^^^^^^^^^^^^^^^^^^^^^^^^^^^^^^^^^^^^^^^
  File "/Users/zvwgvx/PycharmProjects/ryuuko/.venv/lib/python3.11/site-packages/aiohttp/resolver.py", line 40, in resolve
    infos = await self._loop.getaddrinfo(
            ^^^^^^^^^^^^^^^^^^^^^^^^^^^^^
  File "/opt/homebrew/Cellar/python@3.11/3.11.13_1/Frameworks/Python.framework/Versions/3.11/lib/python3.11/asyncio/base_events.py", line 868, in getaddrinfo
    return await self.run_in_executor(
           ^^^^^^^^^^^^^^^^^^^^^^^^^^^
  File "/opt/homebrew/Cellar/python@3.11/3.11.13_1/Frameworks/Python.framework/Versions/3.11/lib/python3.11/concurrent/futures/thread.py", line 58, in run
    result = self.fn(*self.args, **self.kwargs)
             ^^^^^^^^^^^^^^^^^^^^^^^^^^^^^^^^^^
  File "/opt/homebrew/Cellar/python@3.11/3.11.13_1/Frameworks/Python.framework/Versions/3.11/lib/python3.11/socket.py", line 974, in getaddrinfo
    for res in _socket.getaddrinfo(host, port, family, type, proto, flags):
               ^^^^^^^^^^^^^^^^^^^^^^^^^^^^^^^^^^^^^^^^^^^^^^^^^^^^^^^^^^^
socket.gaierror: [Errno 8] nodename nor servname provided, or not known

The above exception was the direct cause of the following exception:

Traceback (most recent call last):
  File "/Users/zvwgvx/PycharmProjects/ryuuko/.venv/lib/python3.11/site-packages/discord/client.py", line 724, in connect
    self.ws = await asyncio.wait_for(coro, timeout=60.0)
              ^^^^^^^^^^^^^^^^^^^^^^^^^^^^^^^^^^^^^^^^^^
  File "/opt/homebrew/Cellar/python@3.11/3.11.13_1/Frameworks/Python.framework/Versions/3.11/lib/python3.11/asyncio/tasks.py", line 489, in wait_for
    return fut.result()
           ^^^^^^^^^^^^
  File "/Users/zvwgvx/PycharmProjects/ryuuko/.venv/lib/python3.11/site-packages/discord/gateway.py", line 383, in from_client
    socket = await client.http.ws_connect(str(url))
             ^^^^^^^^^^^^^^^^^^^^^^^^^^^^^^^^^^^^^^
  File "/Users/zvwgvx/PycharmProjects/ryuuko/.venv/lib/python3.11/site-packages/discord/http.py", line 566, in ws_connect
    return await self.__session.ws_connect(url, **kwargs)
           ^^^^^^^^^^^^^^^^^^^^^^^^^^^^^^^^^^^^^^^^^^^^^^
  File "/Users/zvwgvx/PycharmProjects/ryuuko/.venv/lib/python3.11/site-packages/aiohttp/client.py", line 1067, in _ws_connect
    resp = await self.request(
           ^^^^^^^^^^^^^^^^^^^
  File "/Users/zvwgvx/PycharmProjects/ryuuko/.venv/lib/python3.11/site-packages/aiohttp/client.py", line 770, in _request
    resp = await handler(req)
           ^^^^^^^^^^^^^^^^^^
  File "/Users/zvwgvx/PycharmProjects/ryuuko/.venv/lib/python3.11/site-packages/aiohttp/client.py", line 725, in _connect_and_send_request
    conn = await self._connector.connect(
           ^^^^^^^^^^^^^^^^^^^^^^^^^^^^^^
  File "/Users/zvwgvx/PycharmProjects/ryuuko/.venv/lib/python3.11/site-packages/aiohttp/connector.py", line 642, in connect
    proto = await self._create_connection(req, traces, timeout)
            ^^^^^^^^^^^^^^^^^^^^^^^^^^^^^^^^^^^^^^^^^^^^^^^^^^^
  File "/Users/zvwgvx/PycharmProjects/ryuuko/.venv/lib/python3.11/site-packages/aiohttp/connector.py", line 1209, in _create_connection
    _, proto = await self._create_direct_connection(req, traces, timeout)
               ^^^^^^^^^^^^^^^^^^^^^^^^^^^^^^^^^^^^^^^^^^^^^^^^^^^^^^^^^^
  File "/Users/zvwgvx/PycharmProjects/ryuuko/.venv/lib/python3.11/site-packages/aiohttp/connector.py", line 1538, in _create_direct_connection
    raise ClientConnectorDNSError(req.connection_key, exc) from exc
aiohttp.client_exceptions.ClientConnectorDNSError: Cannot connect to host gateway-us-east1-d.discord.gg:443 ssl:default [nodename nor servname provided, or not known]
